# JRE version: Java(TM) SE Runtime Environment (8.0_231-b11) (build 1.8.0_231-b11)
# Java VM: Java HotSpot(TM) 64-Bit Server VM (25.231-b11 mixed mode windows-amd64 compressed oops)
Heap:
 PSYoungGen      total 132608K, used 90137K [0x000000076bf80000, 0x0000000774d00000, 0x00000007c0000000)
  eden space 121856K, 65% used [0x000000076bf80000,0x0000000770d0b6d8,0x0000000773680000)
  from space 10752K, 99% used [0x0000000774280000,0x0000000774cfaed8,0x0000000774d00000)
  to   space 10752K, 0% used [0x0000000773800000,0x0000000773800000,0x0000000774280000)
 ParOldGen       total 75264K, used 10109K [0x00000006c3e00000, 0x00000006c8780000, 0x000000076bf80000)
  object space 75264K, 13% used [0x00000006c3e00000,0x00000006c47df648,0x00000006c8780000)
 Metaspace       used 33188K, capacity 35124K, committed 35456K, reserved 1079296K
  class space    used 4272K, capacity 4891K, committed 4992K, reserved 1048576K
GC Heap History (10 events):
Event: 115.156 GC heap before
{Heap before GC invocations=1 (full 0):
 PSYoungGen      total 75776K, used 65024K [0x000000076bf80000, 0x0000000771400000, 0x00000007c0000000)
  eden space 65024K, 100% used [0x000000076bf80000,0x000000076ff00000,0x000000076ff00000)
  from space 10752K, 0% used [0x0000000770980000,0x0000000770980000,0x0000000771400000)
  to   space 10752K, 0% used [0x000000076ff00000,0x000000076ff00000,0x0000000770980000)
 ParOldGen       total 173568K, used 0K [0x00000006c3e00000, 0x00000006ce780000, 0x000000076bf80000)
  object space 173568K, 0% used [0x00000006c3e00000,0x00000006c3e00000,0x00000006ce780000)
 Metaspace       used 16589K, capacity 16928K, committed 17280K, reserved 1064960K
  class space    used 2023K, capacity 2162K, committed 2176K, reserved 1048576K
Event: 115.188 GC heap after
Heap after GC invocations=1 (full 0):
 PSYoungGen      total 75776K, used 10739K [0x000000076bf80000, 0x0000000771400000, 0x00000007c0000000)
  eden space 65024K, 0% used [0x000000076bf80000,0x000000076bf80000,0x000000076ff00000)
  from space 10752K, 99% used [0x000000076ff00000,0x000000077097cea0,0x0000000770980000)
  to   space 10752K, 0% used [0x0000000770980000,0x0000000770980000,0x0000000771400000)
 ParOldGen       total 173568K, used 616K [0x00000006c3e00000, 0x00000006ce780000, 0x000000076bf80000)
  object space 173568K, 0% used [0x00000006c3e00000,0x00000006c3e9a270,0x00000006ce780000)
 Metaspace       used 16589K, capacity 16928K, committed 17280K, reserved 1064960K
  class space    used 2023K, capacity 2162K, committed 2176K, reserved 1048576K
}
Event: 116.679 GC heap before
{Heap before GC invocations=2 (full 0):
 PSYoungGen      total 75776K, used 32610K [0x000000076bf80000, 0x0000000771400000, 0x00000007c0000000)
  eden space 65024K, 33% used [0x000000076bf80000,0x000000076d4dbab8,0x000000076ff00000)
  from space 10752K, 99% used [0x000000076ff00000,0x000000077097cea0,0x0000000770980000)
  to   space 10752K, 0% used [0x0000000770980000,0x0000000770980000,0x0000000771400000)
 ParOldGen       total 173568K, used 616K [0x00000006c3e00000, 0x00000006ce780000, 0x000000076bf80000)
  object space 173568K, 0% used [0x00000006c3e00000,0x00000006c3e9a270,0x00000006ce780000)
 Metaspace       used 20708K, capacity 21192K, committed 21296K, reserved 1069056K
  class space    used 2529K, capacity 2680K, committed 2688K, reserved 1048576K
Event: 116.703 GC heap after
Heap after GC invocations=2 (full 0):
 PSYoungGen      total 75776K, used 9589K [0x000000076bf80000, 0x0000000771400000, 0x00000007c0000000)
  eden space 65024K, 0% used [0x000000076bf80000,0x000000076bf80000,0x000000076ff00000)
  from space 10752K, 89% used [0x0000000770980000,0x00000007712dd7f8,0x0000000771400000)
  to   space 10752K, 0% used [0x000000076ff00000,0x000000076ff00000,0x0000000770980000)
 ParOldGen       total 173568K, used 624K [0x00000006c3e00000, 0x00000006ce780000, 0x000000076bf80000)
  object space 173568K, 0% used [0x00000006c3e00000,0x00000006c3e9c270,0x00000006ce780000)
 Metaspace       used 20708K, capacity 21192K, committed 21296K, reserved 1069056K
  class space    used 2529K, capacity 2680K, committed 2688K, reserved 1048576K
}
Event: 116.703 GC heap before
{Heap before GC invocations=3 (full 1):
 PSYoungGen      total 75776K, used 9589K [0x000000076bf80000, 0x0000000771400000, 0x00000007c0000000)
  eden space 65024K, 0% used [0x000000076bf80000,0x000000076bf80000,0x000000076ff00000)
  from space 10752K, 89% used [0x0000000770980000,0x00000007712dd7f8,0x0000000771400000)
  to   space 10752K, 0% used [0x000000076ff00000,0x000000076ff00000,0x0000000770980000)
 ParOldGen       total 173568K, used 624K [0x00000006c3e00000, 0x00000006ce780000, 0x000000076bf80000)
  object space 173568K, 0% used [0x00000006c3e00000,0x00000006c3e9c270,0x00000006ce780000)
 Metaspace       used 20708K, capacity 21192K, committed 21296K, reserved 1069056K
  class space    used 2529K, capacity 2680K, committed 2688K, reserved 1048576K
Event: 116.862 GC heap after
Heap after GC invocations=3 (full 1):
 PSYoungGen      total 75776K, used 0K [0x000000076bf80000, 0x0000000771400000, 0x00000007c0000000)
  eden space 65024K, 0% used [0x000000076bf80000,0x000000076bf80000,0x000000076ff00000)
  from space 10752K, 0% used [0x0000000770980000,0x0000000770980000,0x0000000771400000)
  to   space 10752K, 0% used [0x000000076ff00000,0x000000076ff00000,0x0000000770980000)
 ParOldGen       total 75264K, used 9420K [0x00000006c3e00000, 0x00000006c8780000, 0x000000076bf80000)
  object space 75264K, 12% used [0x00000006c3e00000,0x00000006c4733068,0x00000006c8780000)
 Metaspace       used 20705K, capacity 21186K, committed 21296K, reserved 1069056K
  class space    used 2528K, capacity 2678K, committed 2688K, reserved 1048576K
}
Event: 119.360 GC heap before
{Heap before GC invocations=4 (full 1):
 PSYoungGen      total 75776K, used 65024K [0x000000076bf80000, 0x0000000771400000, 0x00000007c0000000)
  eden space 65024K, 100% used [0x000000076bf80000,0x000000076ff00000,0x000000076ff00000)
  from space 10752K, 0% used [0x0000000770980000,0x0000000770980000,0x0000000771400000)
  to   space 10752K, 0% used [0x000000076ff00000,0x000000076ff00000,0x0000000770980000)
 ParOldGen       total 75264K, used 9420K [0x00000006c3e00000, 0x00000006c8780000, 0x000000076bf80000)
  object space 75264K, 12% used [0x00000006c3e00000,0x00000006c4733068,0x00000006c8780000)
 Metaspace       used 23624K, capacity 24658K, committed 24960K, reserved 1071104K
  class space    used 2840K, capacity 3140K, committed 3200K, reserved 1048576K
Event: 119.413 GC heap after
Heap after GC invocations=4 (full 1):
 PSYoungGen      total 75776K, used 5048K [0x000000076bf80000, 0x0000000774d00000, 0x00000007c0000000)
  eden space 65024K, 0% used [0x000000076bf80000,0x000000076bf80000,0x000000076ff00000)
  from space 10752K, 46% used [0x000000076ff00000,0x00000007703ee0f0,0x0000000770980000)
  to   space 10752K, 0% used [0x0000000774280000,0x0000000774280000,0x0000000774d00000)
 ParOldGen       total 75264K, used 9428K [0x00000006c3e00000, 0x00000006c8780000, 0x000000076bf80000)
  object space 75264K, 12% used [0x00000006c3e00000,0x00000006c4735068,0x00000006c8780000)
 Metaspace       used 23624K, capacity 24658K, committed 24960K, reserved 1071104K
  class space    used 2840K, capacity 3140K, committed 3200K, reserved 1048576K
}
Event: 150.735 GC heap before
{Heap before GC invocations=5 (full 1):
 PSYoungGen      total 75776K, used 70072K [0x000000076bf80000, 0x0000000774d00000, 0x00000007c0000000)
  eden space 65024K, 100% used [0x000000076bf80000,0x000000076ff00000,0x000000076ff00000)
  from space 10752K, 46% used [0x000000076ff00000,0x00000007703ee0f0,0x0000000770980000)
  to   space 10752K, 0% used [0x0000000774280000,0x0000000774280000,0x0000000774d00000)
 ParOldGen       total 75264K, used 9428K [0x00000006c3e00000, 0x00000006c8780000, 0x000000076bf80000)
  object space 75264K, 12% used [0x00000006c3e00000,0x00000006c4735068,0x00000006c8780000)
 Metaspace       used 28101K, capacity 29474K, committed 29696K, reserved 1075200K
  class space    used 3525K, capacity 3992K, committed 4096K, reserved 1048576K
Event: 150.778 GC heap after
Heap after GC invocations=5 (full 1):
 PSYoungGen      total 132608K, used 10731K [0x000000076bf80000, 0x0000000774d00000, 0x00000007c0000000)
  eden space 121856K, 0% used [0x000000076bf80000,0x000000076bf80000,0x0000000773680000)
  from space 10752K, 99% used [0x0000000774280000,0x0000000774cfaed8,0x0000000774d00000)
  to   space 10752K, 0% used [0x0000000773800000,0x0000000773800000,0x0000000774280000)
 ParOldGen       total 75264K, used 10109K [0x00000006c3e00000, 0x00000006c8780000, 0x000000076bf80000)
  object space 75264K, 13% used [0x00000006c3e00000,0x00000006c47df648,0x00000006c8780000)
 Metaspace       used 28101K, capacity 29474K, committed 29696K, reserved 1075200K
  class space    used 3525K, capacity 3992K, committed 4096K, reserved 1048576K
}

